Using pre-set license
Built from '2020.2/staging' branch; Version is '2020.2.7f1 (c53830e277f1) revision 12924976'; Using compiler version '192528614'; Build Type 'Release'
OS: 'Windows 10 Pro; OS build 19042.804; Version 2009; 64bit' Language: 'ru' Physical Memory: 16340 MB
BatchMode: 1, IsHumanControllingUs: 0, StartBugReporterOnCrash: 0, Is64bit: 1, IsPro: 0

 COMMAND LINE ARGUMENTS:
C:\Program Files\Unity\Hub\Editor\2020.2.7f1\Editor\Unity.exe
-adb2
-batchMode
-noUpm
-name
AssetImportWorker0
-projectPath
C:/Users/1/Desktop/Unity/MyGame/MyGame
-logFile
Logs/AssetImportWorker0.log
-srvPort
57493
Successfully changed project path to: C:/Users/1/Desktop/Unity/MyGame/MyGame
C:/Users/1/Desktop/Unity/MyGame/MyGame
Using Asset Import Pipeline V2.
Refreshing native plugins compatible for Editor in 35.59 ms, found 0 plugins.
Preloading 0 native plugins for Editor in 0.00 ms.
Initialize engine version: 2020.2.7f1 (c53830e277f1)
[Subsystems] Discovering subsystems at path C:/Program Files/Unity/Hub/Editor/2020.2.7f1/Editor/Data/Resources/UnitySubsystems
[Subsystems] Discovering subsystems at path C:/Users/1/Desktop/Unity/MyGame/MyGame/Assets
GfxDevice: creating device client; threaded=0
Direct3D:
    Version:  Direct3D 11.0 [level 11.1]
    Renderer: Radeon RX 580 Series (ID=0x67df)
    Vendor:   
    VRAM:     4075 MB
    Driver:   27.20.14501.28009
Initialize mono
Mono path[0] = 'C:/Program Files/Unity/Hub/Editor/2020.2.7f1/Editor/Data/Managed'
Mono path[1] = 'C:/Program Files/Unity/Hub/Editor/2020.2.7f1/Editor/Data/MonoBleedingEdge/lib/mono/unityjit'
Mono config path = 'C:/Program Files/Unity/Hub/Editor/2020.2.7f1/Editor/Data/MonoBleedingEdge/etc'
Using monoOptions --debugger-agent=transport=dt_socket,embedding=1,server=y,suspend=n,address=127.0.0.1:56208
Begin MonoManager ReloadAssembly
Registering precompiled unity dll's ...
Register platform support module: C:/Program Files/Unity/Hub/Editor/2020.2.7f1/Editor/Data/PlaybackEngines/WindowsStandaloneSupport/UnityEditor.WindowsStandalone.Extensions.dll
Registered in 0.003713 seconds.
Native extension for WindowsStandalone target not found
Refreshing native plugins compatible for Editor in 37.47 ms, found 0 plugins.
Preloading 0 native plugins for Editor in 0.00 ms.
Invoked RoslynAnalysisRunner static constructor.
RoslynAnalysisRunner will not be running.
RoslynAnalysisRunner has terminated.
Mono: successfully reloaded assembly
- Completed reload, in  3.176 seconds
Platform modules already initialized, skipping
Registering precompiled user dll's ...
Registered in 0.001203 seconds.
Begin MonoManager ReloadAssembly
Native extension for WindowsStandalone target not found
Refreshing native plugins compatible for Editor in 0.30 ms, found 0 plugins.
Preloading 0 native plugins for Editor in 0.00 ms.
Invoked RoslynAnalysisRunner static constructor.
RoslynAnalysisRunner will not be running.
RoslynAnalysisRunner has terminated.
Mono: successfully reloaded assembly
- Completed reload, in  1.258 seconds
Platform modules already initialized, skipping
========================================================================
Worker process is ready to serve import requests
Launched and connected shader compiler UnityShaderCompiler.exe after 0.05 seconds
Refreshing native plugins compatible for Editor in 0.32 ms, found 0 plugins.
Preloading 0 native plugins for Editor in 0.00 ms.
Unloading 1113 Unused Serialized files (Serialized files now loaded: 0)
System memory in use before: 56.9 MB.
System memory in use after: 56.9 MB.

Unloading 10 unused Assets to reduce memory usage. Loaded Objects now: 1555.
Total: 2.212500 ms (FindLiveObjects: 0.264900 ms CreateObjectMapping: 0.067500 ms MarkObjects: 1.781900 ms  DeleteObjects: 0.097100 ms)

========================================================================
Received Import Request.
  path: Assets/Scenes
  artifactKey: Guid(db469d1d6d41c2d419a2f8bba28ed990) Importer(815301076,1909f56bfc062723c751e8b465ee728b)
Start importing Assets/Scenes using Guid(db469d1d6d41c2d419a2f8bba28ed990) Importer(815301076,1909f56bfc062723c751e8b465ee728b)  -> (artifact id: '1cdca4d96319ea848afb6a4a5840fefa') in 0.006948 seconds
  Import took 0.009053 seconds .

========================================================================
Received Import Request.
  Time since last request: 758.599987 seconds.
  path: Assets
  artifactKey: Guid(00000000000000001000000000000000) Importer(815301076,1909f56bfc062723c751e8b465ee728b)
Start importing Assets using Guid(00000000000000001000000000000000) Importer(815301076,1909f56bfc062723c751e8b465ee728b)  -> (artifact id: 'f89434ac489deb914593f829e0a47671') in 0.006720 seconds
  Import took 0.010599 seconds .

========================================================================
Received Import Request.
  Time since last request: 41.044280 seconds.
  path: Assets/floors
  artifactKey: Guid(477e0094f7e74384781e8bc0dcb89db1) Importer(815301076,1909f56bfc062723c751e8b465ee728b)
Start importing Assets/floors using Guid(477e0094f7e74384781e8bc0dcb89db1) Importer(815301076,1909f56bfc062723c751e8b465ee728b)  -> (artifact id: '054a2e627cd1d15c217eb267c918bc89') in 0.006433 seconds
  Import took 0.008993 seconds .

========================================================================
Received Import Request.
  Time since last request: 4.949424 seconds.
  path: Assets/floors/floors.prefab
  artifactKey: Guid(798d933cdaf6ddf409dff1ea10c3908c) Importer(815301076,1909f56bfc062723c751e8b465ee728b)
Start importing Assets/floors/floors.prefab using Guid(798d933cdaf6ddf409dff1ea10c3908c) Importer(815301076,1909f56bfc062723c751e8b465ee728b)  -> (artifact id: '27b11530789ef9946981f2c49ad848ff') in 0.179197 seconds
  Import took 0.182462 seconds .

========================================================================
Received Import Request.
  Time since last request: 26.053384 seconds.
  path: Assets/floors/floors.prefab
  artifactKey: Guid(798d933cdaf6ddf409dff1ea10c3908c) Importer(815301076,1909f56bfc062723c751e8b465ee728b)
Start importing Assets/floors/floors.prefab using Guid(798d933cdaf6ddf409dff1ea10c3908c) Importer(815301076,1909f56bfc062723c751e8b465ee728b)  -> (artifact id: 'cbdb4af69422436222ed96d04710ab72') in 0.015185 seconds
  Import took 0.018229 seconds .

========================================================================
Received Import Request.
  Time since last request: 0.024555 seconds.
  path: Assets/floors/floors.prefab
  artifactKey: Guid(798d933cdaf6ddf409dff1ea10c3908c) Importer(815301076,1909f56bfc062723c751e8b465ee728b)
Start importing Assets/floors/floors.prefab using Guid(798d933cdaf6ddf409dff1ea10c3908c) Importer(815301076,1909f56bfc062723c751e8b465ee728b)  -> (artifact id: 'cbdb4af69422436222ed96d04710ab72') in 0.013230 seconds
  Import took 0.017557 seconds .

========================================================================
Received Import Request.
  Time since last request: 5.506286 seconds.
  path: Assets/floors/floors.prefab
  artifactKey: Guid(798d933cdaf6ddf409dff1ea10c3908c) Importer(815301076,1909f56bfc062723c751e8b465ee728b)
Start importing Assets/floors/floors.prefab using Guid(798d933cdaf6ddf409dff1ea10c3908c) Importer(815301076,1909f56bfc062723c751e8b465ee728b)  -> (artifact id: 'b8d5320864688eb23fa52e05e86379b0') in 0.013887 seconds
  Import took 0.016651 seconds .

========================================================================
Received Import Request.
  Time since last request: 0.003522 seconds.
  path: Assets/floors/floors.prefab
  artifactKey: Guid(798d933cdaf6ddf409dff1ea10c3908c) Importer(815301076,1909f56bfc062723c751e8b465ee728b)
Start importing Assets/floors/floors.prefab using Guid(798d933cdaf6ddf409dff1ea10c3908c) Importer(815301076,1909f56bfc062723c751e8b465ee728b)  -> (artifact id: 'b8d5320864688eb23fa52e05e86379b0') in 0.014838 seconds
  Import took 0.017411 seconds .

AssetImportWorkerClient::OnTransportError - code=2 error=End of file
